Base path: /Applications/Unity/Unity.app/Contents
Pipe name: \\.\pipe\UnityShaderCompiler-64bit-1-2027905792
Cmd: getPlatforms
Cmd: compileSnippet
  api=0 type=0 insize=9591 outsize=6366 kw=UNITY_COLORSPACE_GAMMA ok=1
Cmd: compileSnippet
  api=0 type=1 insize=9591 outsize=6 kw=UNITY_COLORSPACE_GAMMA ok=1
Cmd: preprocess
  insize=9628 outsize=2293 ok=1
Cmd: compileSnippet
  api=0 type=0 insize=6977 outsize=1018 kw= ok=1
Cmd: compileSnippet
  api=0 type=1 insize=6977 outsize=6 kw= ok=1
Cmd: compileSnippet
  api=0 type=0 insize=6972 outsize=1841 kw= ok=1
Cmd: compileSnippet
  api=0 type=1 insize=6972 outsize=6 kw= ok=1
Cmd: compileSnippet
  api=0 type=0 insize=6972 outsize=868 kw= ok=1
Cmd: compileSnippet
  api=0 type=1 insize=6972 outsize=6 kw= ok=1
Cmd: compileSnippet
  api=0 type=0 insize=6979 outsize=798 kw= ok=1
Cmd: compileSnippet
  api=0 type=1 insize=6979 outsize=6 kw= ok=1
Cmd: compileSnippet
  api=0 type=0 insize=6974 outsize=1142 kw= ok=1
Cmd: compileSnippet
  api=0 type=1 insize=6974 outsize=6 kw= ok=1
Cmd: compileSnippet
  api=0 type=0 insize=6974 outsize=668 kw= ok=1
Cmd: compileSnippet
  api=0 type=1 insize=6974 outsize=6 kw= ok=1
Cmd: compileSnippet
  api=0 type=0 insize=6983 outsize=890 kw= ok=1
Cmd: compileSnippet
  api=0 type=1 insize=6983 outsize=6 kw= ok=1
Cmd: compileSnippet
  api=0 type=0 insize=6988 outsize=620 kw= ok=1
Cmd: compileSnippet
  api=0 type=1 insize=6988 outsize=6 kw= ok=1
Cmd: compileSnippet
  api=0 type=0 insize=6981 outsize=414 kw= ok=1
Cmd: compileSnippet
  api=0 type=1 insize=6981 outsize=6 kw= ok=1
Cmd: compileSnippet
  api=0 type=0 insize=6979 outsize=957 kw= ok=1
Cmd: compileSnippet
  api=0 type=1 insize=6979 outsize=6 kw= ok=1
Cmd: compileSnippet
  api=0 type=0 insize=6986 outsize=1071 kw= ok=1
Cmd: compileSnippet
  api=0 type=1 insize=6986 outsize=6 kw= ok=1
Cmd: preprocess
  insize=11084 outsize=718 ok=1
Cmd: compileSnippet
  api=0 type=0 insize=10527 outsize=879 kw= ok=1
Cmd: compileSnippet
  api=0 type=1 insize=10527 outsize=6 kw= ok=1
Cmd: compileSnippet
  api=0 type=0 insize=10549 outsize=6122 kw= ok=1
Cmd: compileSnippet
  api=0 type=1 insize=10549 outsize=6 kw= ok=1
Cmd: compileSnippet
  api=0 type=0 insize=10548 outsize=6116 kw= ok=1
Cmd: compileSnippet
  api=0 type=1 insize=10548 outsize=6 kw= ok=1
Cmd: preprocess
  insize=4203 outsize=523 ok=1
Cmd: compileSnippet
  api=0 type=0 insize=3977 outsize=2040 kw= ok=1
Cmd: compileSnippet
  api=0 type=1 insize=3977 outsize=6 kw= ok=1
Cmd: compileSnippet
  api=0 type=0 insize=3981 outsize=2128 kw= ok=1
Cmd: compileSnippet
  api=0 type=1 insize=3981 outsize=6 kw= ok=1
Cmd: preprocess
  insize=1685 outsize=352 ok=1
Cmd: compileSnippet
  api=0 type=0 insize=1635 outsize=1552 kw= ok=1
Cmd: compileSnippet
  api=0 type=1 insize=1635 outsize=6 kw= ok=1
Cmd: preprocess
  insize=919 outsize=355 ok=1
Cmd: compileSnippet
  api=0 type=0 insize=869 outsize=732 kw= ok=1
Cmd: compileSnippet
  api=0 type=1 insize=869 outsize=6 kw= ok=1
Cmd: preprocess
  insize=1006 outsize=316 ok=1
Cmd: compileSnippet
  api=0 type=0 insize=995 outsize=530 kw= ok=1
Cmd: compileSnippet
  api=0 type=1 insize=995 outsize=6 kw= ok=1
Cmd: preprocess
  insize=5231 outsize=2186 ok=1
Cmd: compileSnippet
  api=0 type=0 insize=3349 outsize=2143 kw=WATER_REFRACTIVE ok=1
Cmd: compileSnippet
  api=0 type=1 insize=3349 outsize=6 kw=WATER_REFRACTIVE ok=1
Cmd: preprocess
  insize=1989 outsize=486 ok=1
Cmd: compileSnippet
  api=0 type=0 insize=1805 outsize=848 kw= ok=1
Cmd: compileSnippet
  api=0 type=1 insize=1805 outsize=6 kw= ok=1
Cmd: preprocess
  insize=1284 outsize=412 ok=1
Cmd: compileSnippet
  api=0 type=0 insize=1177 outsize=806 kw= ok=1
Cmd: compileSnippet
  api=0 type=1 insize=1177 outsize=6 kw= ok=1
Cmd: preprocess
  insize=1546 outsize=457 ok=1
Cmd: compileSnippet
  api=0 type=0 insize=1377 outsize=330 kw= ok=1
Cmd: compileSnippet
  api=0 type=1 insize=1377 outsize=6 kw= ok=1
Cmd: compileSnippet
  api=0 type=0 insize=1367 outsize=659 kw= ok=1
Cmd: compileSnippet
  api=0 type=1 insize=1367 outsize=6 kw= ok=1
Cmd: preprocess
  insize=1183 outsize=296 ok=1
Cmd: compileSnippet
  api=0 type=0 insize=1189 outsize=1379 kw= ok=1
Cmd: compileSnippet
  api=0 type=1 insize=1189 outsize=6 kw= ok=1
Cmd: preprocess
  insize=1116 outsize=407 ok=1
Cmd: compileSnippet
  api=0 type=0 insize=1012 outsize=839 kw= ok=1
Cmd: compileSnippet
  api=0 type=1 insize=1012 outsize=6 kw= ok=1
Cmd: preprocess
  error: 2 plat 15 at (40): Can't find include file frag_ao.cginc
  error: 2 plat 15 at (43): Can't find include file frag_ao.cginc
  error: 2 plat 15 at (46): Can't find include file frag_ao.cginc
  error: 2 plat 15 at (49): Can't find include file frag_ao.cginc
  error: 2 plat 15 at (53): Can't find include file frag_ao.cginc
  insize=6551 outsize=798 ok=0
Cmd: preprocess
  insize=1192 outsize=314 ok=1
Cmd: compileSnippet
  api=0 type=0 insize=1183 outsize=972 kw= ok=1
Cmd: compileSnippet
  api=0 type=1 insize=1183 outsize=6 kw= ok=1
Cmd: preprocess
  insize=12994 outsize=2701 ok=1
Cmd: compileSnippet
  api=0 type=0 insize=10201 outsize=6413 kw=WATER_REFLECTIVE WATER_VERTEX_DISPLACEMENT_ON WATER_EDGEBLEND_ON ok=1
Cmd: compileSnippet
  api=0 type=1 insize=10201 outsize=6 kw=WATER_REFLECTIVE WATER_VERTEX_DISPLACEMENT_ON WATER_EDGEBLEND_ON ok=1
Cmd: compileSnippet
  api=0 type=0 insize=10204 outsize=5079 kw=WATER_REFLECTIVE WATER_VERTEX_DISPLACEMENT_ON WATER_EDGEBLEND_ON ok=1
Cmd: compileSnippet
  api=0 type=1 insize=10204 outsize=6 kw=WATER_REFLECTIVE WATER_VERTEX_DISPLACEMENT_ON WATER_EDGEBLEND_ON ok=1
Cmd: compileSnippet
  api=0 type=0 insize=9946 outsize=1981 kw= ok=1
Cmd: compileSnippet
  api=0 type=1 insize=9946 outsize=6 kw= ok=1
Cmd: preprocess
  insize=2671 outsize=773 ok=1
Cmd: compileSnippet
  api=0 type=0 insize=2000 outsize=629 kw= ok=1
Cmd: compileSnippet
  api=0 type=1 insize=2000 outsize=6 kw= ok=1
Cmd: compileSnippet
  api=0 type=0 insize=1997 outsize=579 kw= ok=1
Cmd: compileSnippet
  api=0 type=1 insize=1997 outsize=6 kw= ok=1
Cmd: compileSnippet
  api=0 type=0 insize=2010 outsize=990 kw= ok=1
Cmd: compileSnippet
  api=0 type=1 insize=2010 outsize=6 kw= ok=1
Cmd: compileSnippet
  api=0 type=0 insize=2009 outsize=506 kw= ok=1
Cmd: compileSnippet
  api=0 type=1 insize=2009 outsize=6 kw= ok=1
Cmd: preprocess
  insize=968 outsize=305 ok=1
Cmd: compileSnippet
  api=0 type=0 insize=968 outsize=491 kw= ok=1
Cmd: compileSnippet
  api=0 type=1 insize=968 outsize=6 kw= ok=1
Cmd: preprocess
  insize=1377 outsize=384 ok=1
Cmd: compileSnippet
  api=0 type=0 insize=1295 outsize=1322 kw= ok=1
Cmd: compileSnippet
  api=0 type=1 insize=1295 outsize=6 kw= ok=1
Cmd: preprocess
  insize=1437 outsize=347 ok=1
Cmd: compileSnippet
  api=0 type=0 insize=1396 outsize=1243 kw= ok=1
Cmd: compileSnippet
  api=0 type=1 insize=1396 outsize=6 kw= ok=1
Cmd: preprocess
  insize=1709 outsize=728 ok=1
Cmd: compileSnippet
  api=0 type=0 insize=1287 outsize=1092 kw= ok=1
Cmd: compileSnippet
  api=0 type=1 insize=1287 outsize=6 kw= ok=1
Cmd: preprocess
  insize=1403 outsize=346 ok=1
Cmd: compileSnippet
  api=0 type=0 insize=1359 outsize=1246 kw= ok=1
Cmd: compileSnippet
  api=0 type=1 insize=1359 outsize=6 kw= ok=1
Cmd: preprocess
  insize=1116 outsize=325 ok=1
Cmd: compileSnippet
  api=0 type=0 insize=1096 outsize=678 kw= ok=1
Cmd: compileSnippet
  api=0 type=1 insize=1096 outsize=6 kw= ok=1
Cmd: preprocess
  insize=2165 outsize=644 ok=1
Cmd: compileSnippet
  api=0 type=0 insize=1827 outsize=1780 kw= ok=1
Cmd: compileSnippet
  api=0 type=1 insize=1827 outsize=6 kw= ok=1
Cmd: preprocess
  insize=965 outsize=271 ok=1
Cmd: compileSnippet
  api=0 type=0 insize=994 outsize=700 kw= ok=1
Cmd: compileSnippet
  api=0 type=1 insize=994 outsize=6 kw= ok=1
Cmd: preprocess
  insize=796 outsize=320 ok=1
Cmd: compileSnippet
  api=0 type=0 insize=778 outsize=628 kw= ok=1
Cmd: compileSnippet
  api=0 type=1 insize=778 outsize=6 kw= ok=1
Cmd: preprocess
  insize=32601 outsize=272 ok=1
Cmd: compileSnippet
  api=0 type=0 insize=32630 outsize=8971 kw= ok=1
Cmd: compileSnippet
  api=0 type=1 insize=32630 outsize=6 kw= ok=1
Cmd: preprocess
  insize=1216 outsize=260 ok=1
Cmd: compileSnippet
  api=0 type=0 insize=1258 outsize=1114 kw= ok=1
Cmd: compileSnippet
  api=0 type=1 insize=1258 outsize=6 kw= ok=1
Cmd: preprocess
  insize=3511 outsize=706 ok=1
Cmd: compileSnippet
  api=0 type=0 insize=2837 outsize=1452 kw= ok=1
Cmd: compileSnippet
  api=0 type=1 insize=2837 outsize=6 kw= ok=1
Cmd: compileSnippet
  api=0 type=0 insize=2828 outsize=1191 kw= ok=1
Cmd: compileSnippet
  api=0 type=1 insize=2828 outsize=6 kw= ok=1
Cmd: compileSnippet
  api=0 type=0 insize=2827 outsize=1267 kw= ok=1
Cmd: compileSnippet
  api=0 type=1 insize=2827 outsize=6 kw= ok=1
Cmd: compileSnippet
  api=0 type=0 insize=2839 outsize=1406 kw= ok=1
Cmd: compileSnippet
  api=0 type=1 insize=2839 outsize=6 kw= ok=1
Cmd: preprocess
  insize=1038 outsize=358 ok=1
Cmd: compileSnippet
  api=0 type=0 insize=985 outsize=651 kw= ok=1
Cmd: compileSnippet
  api=0 type=1 insize=985 outsize=6 kw= ok=1
Cmd: preprocess
  insize=12161 outsize=2583 ok=1
Cmd: compileSnippet
  api=0 type=0 insize=9487 outsize=5674 kw=WATER_REFLECTIVE WATER_VERTEX_DISPLACEMENT_ON WATER_EDGEBLEND_ON ok=1
Cmd: compileSnippet
  api=0 type=1 insize=9487 outsize=6 kw=WATER_REFLECTIVE WATER_VERTEX_DISPLACEMENT_ON WATER_EDGEBLEND_ON ok=1
Cmd: compileSnippet
  api=0 type=0 insize=9490 outsize=5034 kw=WATER_REFLECTIVE WATER_VERTEX_DISPLACEMENT_ON WATER_EDGEBLEND_ON ok=1
Cmd: compileSnippet
  api=0 type=1 insize=9490 outsize=6 kw=WATER_REFLECTIVE WATER_VERTEX_DISPLACEMENT_ON WATER_EDGEBLEND_ON ok=1
Cmd: compileSnippet
  api=0 type=0 insize=9232 outsize=1913 kw= ok=1
Cmd: compileSnippet
  api=0 type=1 insize=9232 outsize=6 kw= ok=1
Cmd: preprocess
  insize=2494 outsize=780 ok=1
Cmd: compileSnippet
  api=0 type=0 insize=1760 outsize=571 kw= ok=1
Cmd: compileSnippet
  api=0 type=1 insize=1760 outsize=6 kw= ok=1
Cmd: compileSnippet
  api=0 type=0 insize=1760 outsize=621 kw= ok=1
Cmd: compileSnippet
  api=0 type=1 insize=1760 outsize=6 kw= ok=1
Cmd: compileSnippet
  api=0 type=0 insize=1762 outsize=571 kw= ok=1
Cmd: compileSnippet
  api=0 type=1 insize=1762 outsize=6 kw= ok=1
Cmd: compileSnippet
  api=0 type=0 insize=1763 outsize=792 kw= ok=1
Cmd: compileSnippet
  api=0 type=1 insize=1763 outsize=6 kw= ok=1
Cmd: compileSnippet
  api=0 type=0 insize=1766 outsize=588 kw= ok=1
Cmd: compileSnippet
  api=0 type=1 insize=1766 outsize=6 kw= ok=1
Cmd: preprocess
  insize=8191 outsize=1105 ok=1
Cmd: compileSnippet
  api=0 type=0 insize=6258 outsize=884 kw= ok=1
Cmd: compileSnippet
  api=0 type=1 insize=6258 outsize=6 kw= ok=1
Cmd: compileSnippet
  api=0 type=0 insize=6261 outsize=521 kw= ok=1
Cmd: compileSnippet
  api=0 type=1 insize=6261 outsize=6 kw= ok=1
Cmd: compileSnippet
  api=0 type=0 insize=6270 outsize=1477 kw= ok=1
Cmd: compileSnippet
  api=0 type=1 insize=6270 outsize=6 kw= ok=1
Cmd: compileSnippet
  api=0 type=0 insize=6264 outsize=1188 kw= ok=1
Cmd: compileSnippet
  api=0 type=1 insize=6264 outsize=6 kw= ok=1
Cmd: compileSnippet
  api=0 type=0 insize=6261 outsize=558 kw= ok=1
Cmd: compileSnippet
  api=0 type=1 insize=6261 outsize=6 kw= ok=1
Cmd: compileSnippet
  api=0 type=0 insize=6265 outsize=947 kw= ok=1
Cmd: compileSnippet
  api=0 type=1 insize=6265 outsize=6 kw= ok=1
Cmd: compileSnippet
  api=0 type=0 insize=6269 outsize=2494 kw= ok=1
Cmd: compileSnippet
  api=0 type=1 insize=6269 outsize=6 kw= ok=1
Cmd: compileSnippet
  api=0 type=0 insize=6255 outsize=393 kw= ok=1
Cmd: compileSnippet
  api=0 type=1 insize=6255 outsize=6 kw= ok=1
Cmd: preprocess
  insize=977 outsize=438 ok=1
Cmd: compileSnippet
  api=0 type=0 insize=841 outsize=537 kw= ok=1
Cmd: compileSnippet
  api=0 type=1 insize=841 outsize=6 kw= ok=1
Cmd: preprocess
  insize=13814 outsize=2625 ok=1
Cmd: compileSnippet
  api=0 type=0 insize=10228 outsize=474 kw= ok=1
Cmd: compileSnippet
  api=0 type=1 insize=10228 outsize=6 kw= ok=1
Cmd: compileSnippet
  api=0 type=0 insize=10227 outsize=1059 kw= ok=1
Cmd: compileSnippet
  api=0 type=1 insize=10227 outsize=6 kw= ok=1
Cmd: compileSnippet
  api=0 type=0 insize=10227 outsize=985 kw= ok=1
Cmd: compileSnippet
  api=0 type=1 insize=10227 outsize=6 kw= ok=1
Cmd: compileSnippet
  api=0 type=0 insize=10209 outsize=769 kw= ok=1
Cmd: compileSnippet
  api=0 type=1 insize=10209 outsize=6 kw= ok=1
Cmd: compileSnippet
  api=0 type=0 insize=10228 outsize=693 kw= ok=1
Cmd: compileSnippet
  api=0 type=1 insize=10228 outsize=6 kw= ok=1
Cmd: compileSnippet
  api=0 type=0 insize=10209 outsize=823 kw= ok=1
Cmd: compileSnippet
  api=0 type=1 insize=10209 outsize=6 kw= ok=1
Cmd: compileSnippet
  api=0 type=0 insize=10254 outsize=1291 kw= ok=1
Cmd: compileSnippet
  api=0 type=1 insize=10254 outsize=6 kw= ok=1
Cmd: compileSnippet
  api=0 type=0 insize=10208 outsize=263 kw= ok=1
Cmd: compileSnippet
  api=0 type=1 insize=10208 outsize=6 kw= ok=1
Cmd: compileSnippet
  api=0 type=0 insize=10212 outsize=330 kw= ok=1
Cmd: compileSnippet
  api=0 type=1 insize=10212 outsize=6 kw= ok=1
Cmd: compileSnippet
  api=0 type=0 insize=10234 outsize=2567 kw= ok=1
Cmd: compileSnippet
  api=0 type=1 insize=10234 outsize=6 kw= ok=1
Cmd: compileSnippet
  api=0 type=0 insize=10228 outsize=2633 kw= ok=1
Cmd: compileSnippet
  api=0 type=1 insize=10228 outsize=6 kw= ok=1
Cmd: compileSnippet
  api=0 type=0 insize=10234 outsize=2567 kw= ok=1
Cmd: compileSnippet
  api=0 type=1 insize=10234 outsize=6 kw= ok=1
Cmd: preprocess
  insize=1950 outsize=490 ok=1
Cmd: compileSnippet
  api=0 type=0 insize=1736 outsize=1019 kw= ok=1
Cmd: compileSnippet
  api=0 type=1 insize=1736 outsize=6 kw= ok=1
Cmd: compileSnippet
  api=0 type=0 insize=1749 outsize=1184 kw= ok=1
Cmd: compileSnippet
  api=0 type=1 insize=1749 outsize=6 kw= ok=1
Cmd: preprocess
  insize=1692 outsize=302 ok=1
Cmd: compileSnippet
  api=0 type=0 insize=1695 outsize=1349 kw= ok=1
Cmd: compileSnippet
  api=0 type=1 insize=1695 outsize=6 kw= ok=1
Cmd: preprocess
  insize=24564 outsize=3219 ok=1
Cmd: compileSnippet
  api=0 type=0 insize=19983 outsize=821 kw= ok=1
Cmd: compileSnippet
  api=0 type=1 insize=19983 outsize=6 kw= ok=1
Cmd: compileSnippet
  api=0 type=0 insize=19977 outsize=513 kw= ok=1
Cmd: compileSnippet
  api=0 type=1 insize=19977 outsize=6 kw= ok=1
Cmd: compileSnippet
  api=0 type=0 insize=19992 outsize=2014 kw= ok=1
Cmd: compileSnippet
  api=0 type=1 insize=19992 outsize=6 kw= ok=1
Cmd: compileSnippet
  api=0 type=0 insize=19977 outsize=821 kw= ok=1
Cmd: compileSnippet
  api=0 type=1 insize=19977 outsize=6 kw= ok=1
Cmd: compileSnippet
  api=0 type=0 insize=19987 outsize=808 kw= ok=1
Cmd: compileSnippet
  api=0 type=1 insize=19987 outsize=6 kw= ok=1
Cmd: compileSnippet
  api=0 type=0 insize=19986 outsize=2831 kw= ok=1
Cmd: compileSnippet
  api=0 type=1 insize=19986 outsize=6 kw= ok=1
Cmd: compileSnippet
  api=0 type=0 insize=19942 outsize=1071 kw= ok=1
Cmd: compileSnippet
  api=0 type=1 insize=19942 outsize=6 kw= ok=1
Cmd: compileSnippet
  api=0 type=0 insize=19980 outsize=746 kw= ok=1
Cmd: compileSnippet
  api=0 type=1 insize=19980 outsize=6 kw= ok=1
Cmd: compileSnippet
  api=0 type=0 insize=19948 outsize=674 kw= ok=1
Cmd: compileSnippet
  api=0 type=1 insize=19948 outsize=6 kw= ok=1
Cmd: compileSnippet
  api=0 type=0 insize=19985 outsize=2602 kw= ok=1
Cmd: compileSnippet
  api=0 type=1 insize=19985 outsize=6 kw= ok=1
Cmd: compileSnippet
  api=0 type=0 insize=19978 outsize=2046 kw= ok=1
Cmd: compileSnippet
  api=0 type=1 insize=19978 outsize=6 kw= ok=1
Cmd: compileSnippet
  api=0 type=0 insize=19981 outsize=2621 kw= ok=1
Cmd: compileSnippet
  api=0 type=1 insize=19981 outsize=6 kw= ok=1
Cmd: compileSnippet
  api=0 type=0 insize=19987 outsize=2884 kw= ok=1
Cmd: compileSnippet
  api=0 type=1 insize=19987 outsize=6 kw= ok=1
Cmd: compileSnippet
  api=0 type=0 insize=19984 outsize=2310 kw= ok=1
Cmd: compileSnippet
  api=0 type=1 insize=19984 outsize=6 kw= ok=1
Cmd: compileSnippet
  api=0 type=0 insize=19977 outsize=4288 kw= ok=1
Cmd: compileSnippet
  api=0 type=1 insize=19977 outsize=6 kw= ok=1
Cmd: compileSnippet
  api=0 type=0 insize=19982 outsize=4534 kw= ok=1
Cmd: compileSnippet
  api=0 type=1 insize=19982 outsize=6 kw= ok=1
Cmd: preprocess
  insize=2633 outsize=351 ok=1
Cmd: compileSnippet
  api=0 type=0 insize=2586 outsize=2283 kw= ok=1
Cmd: compileSnippet
  api=0 type=1 insize=2586 outsize=6 kw= ok=1
Cmd: preprocess
  insize=2274 outsize=1208 ok=1
Cmd: compileSnippet
  api=0 type=0 insize=1310 outsize=1843 kw= ok=1
Cmd: compileSnippet
  api=0 type=1 insize=1310 outsize=6 kw= ok=1
Cmd: preprocess
  insize=1737 outsize=297 ok=1
Cmd: compileSnippet
  api=0 type=0 insize=1742 outsize=2844 kw= ok=1
Cmd: compileSnippet
  api=0 type=1 insize=1742 outsize=6 kw= ok=1
Cmd: preprocess
  insize=1026 outsize=351 ok=1
Cmd: compileSnippet
  api=0 type=0 insize=977 outsize=890 kw= ok=1
Cmd: compileSnippet
  api=0 type=1 insize=977 outsize=6 kw= ok=1
Cmd: preprocess
  insize=738 outsize=267 ok=1
Cmd: compileSnippet
  api=0 type=0 insize=771 outsize=551 kw= ok=1
Cmd: compileSnippet
  api=0 type=1 insize=771 outsize=6 kw= ok=1
Cmd: preprocess
  insize=5809 outsize=873 ok=1
Cmd: compileSnippet
  api=0 type=0 insize=4899 outsize=1894 kw= ok=1
Cmd: compileSnippet
  api=0 type=1 insize=4899 outsize=6 kw= ok=1
Cmd: compileSnippet
  api=0 type=0 insize=4901 outsize=1133 kw= ok=1
Cmd: compileSnippet
  api=0 type=1 insize=4901 outsize=6 kw= ok=1
Cmd: compileSnippet
  api=0 type=0 insize=4905 outsize=1175 kw= ok=1
Cmd: compileSnippet
  api=0 type=1 insize=4905 outsize=6 kw= ok=1
Cmd: compileSnippet
  api=0 type=0 insize=4914 outsize=700 kw= ok=1
Cmd: compileSnippet
  api=0 type=1 insize=4914 outsize=6 kw= ok=1
Cmd: compileSnippet
  api=0 type=0 insize=4895 outsize=1894 kw= ok=1
Cmd: compileSnippet
  api=0 type=1 insize=4895 outsize=6 kw= ok=1
Cmd: preprocess
  insize=586 outsize=360 ok=1
Cmd: compileSnippet
  api=0 type=0 insize=528 outsize=723 kw= ok=1
Cmd: compileSnippet
  api=0 type=1 insize=528 outsize=6 kw= ok=1
Cmd: preprocess
  insize=32611 outsize=273 ok=1
Cmd: compileSnippet
  api=0 type=0 insize=32640 outsize=8879 kw= ok=1
Cmd: compileSnippet
  api=0 type=1 insize=32640 outsize=6 kw= ok=1
Cmd: preprocess
  insize=5109 outsize=1741 ok=1
Cmd: compileSnippet
  api=0 type=0 insize=3672 outsize=5172 kw= ok=1
Cmd: compileSnippet
  api=0 type=1 insize=3672 outsize=6 kw= ok=1
Cmd: preprocess
  insize=6765 outsize=255 ok=1
Cmd: compileSnippet
  api=0 type=0 insize=6812 outsize=3187 kw= ok=1
Cmd: compileSnippet
  api=0 type=1 insize=6812 outsize=6 kw= ok=1
Cmd: preprocess
  insize=4425 outsize=555 ok=1
Cmd: compileSnippet
  api=0 type=0 insize=4130 outsize=4839 kw= ok=1
Cmd: compileSnippet
  api=0 type=1 insize=4130 outsize=6 kw= ok=1
Cmd: compileSnippet
  api=0 type=0 insize=4135 outsize=4420 kw= ok=1
Cmd: compileSnippet
  api=0 type=1 insize=4135 outsize=6 kw= ok=1
Cmd: preprocess
  insize=4869 outsize=1093 ok=1
Cmd: compileSnippet
  api=0 type=0 insize=3761 outsize=494 kw= ok=1
Cmd: compileSnippet
  api=0 type=1 insize=3761 outsize=6 kw= ok=1
Cmd: compileSnippet
  api=0 type=0 insize=3768 outsize=1113 kw= ok=1
Cmd: compileSnippet
  api=0 type=1 insize=3768 outsize=6 kw= ok=1
Cmd: compileSnippet
  api=0 type=0 insize=3766 outsize=1019 kw= ok=1
Cmd: compileSnippet
  api=0 type=1 insize=3766 outsize=6 kw= ok=1
Cmd: compileSnippet
  api=0 type=0 insize=3768 outsize=1184 kw= ok=1
Cmd: compileSnippet
  api=0 type=1 insize=3768 outsize=6 kw= ok=1
Cmd: compileSnippet
  api=0 type=0 insize=3758 outsize=462 kw= ok=1
Cmd: compileSnippet
  api=0 type=1 insize=3758 outsize=6 kw= ok=1
Cmd: preprocess
  insize=721 outsize=317 ok=1
Cmd: compileSnippet
  api=0 type=0 insize=706 outsize=889 kw= ok=1
Cmd: compileSnippet
  api=0 type=1 insize=706 outsize=6 kw= ok=1
Cmd: preprocess
  insize=3918 outsize=651 ok=1
Cmd: compileSnippet
  api=0 type=0 insize=3312 outsize=497 kw= ok=1
Cmd: compileSnippet
  api=0 type=1 insize=3312 outsize=6 kw= ok=1
Cmd: compileSnippet
  api=0 type=0 insize=3319 outsize=1561 kw= ok=1
Cmd: compileSnippet
  api=0 type=1 insize=3319 outsize=6 kw= ok=1
Cmd: compileSnippet
  api=0 type=0 insize=3328 outsize=1726 kw= ok=1
Cmd: compileSnippet
  api=0 type=1 insize=3328 outsize=6 kw= ok=1
Cmd: compileSnippet
  api=0 type=0 insize=3323 outsize=1904 kw= ok=1
Cmd: compileSnippet
  api=0 type=1 insize=3323 outsize=6 kw= ok=1
Cmd: preprocess
  insize=883 outsize=301 ok=1
Cmd: compileSnippet
  api=0 type=0 insize=887 outsize=551 kw= ok=1
Cmd: compileSnippet
  api=0 type=1 insize=887 outsize=6 kw= ok=1
Cmd: preprocess
  insize=1339 outsize=296 ok=1
Cmd: compileSnippet
  api=0 type=0 insize=1347 outsize=1095 kw= ok=1
Cmd: compileSnippet
  api=0 type=1 insize=1347 outsize=6 kw= ok=1
Cmd: preprocess
  insize=2143 outsize=982 ok=1
Cmd: compileSnippet
  api=0 type=0 insize=905 outsize=491 kw= ok=1
Cmd: compileSnippet
  api=0 type=1 insize=905 outsize=6 kw= ok=1
Cmd: compileSnippet
  api=0 type=0 insize=860 outsize=390 kw= ok=1
Cmd: compileSnippet
  api=0 type=1 insize=860 outsize=6 kw= ok=1
Cmd: preprocess
  insize=2257 outsize=760 ok=1
Cmd: compileSnippet
  api=0 type=0 insize=1799 outsize=1405 kw=SOFTPARTICLES_OFF ok=1
Cmd: compileSnippet
  api=0 type=1 insize=1799 outsize=6 kw=SOFTPARTICLES_OFF ok=1
Cmd: preprocess
  insize=1080 outsize=489 ok=1
Cmd: compileSnippet
  api=0 type=0 insize=893 outsize=833 kw= ok=1
Cmd: compileSnippet
  api=0 type=1 insize=893 outsize=6 kw= ok=1
Cmd: preprocess
  insize=1213 outsize=389 ok=1
Cmd: compileSnippet
  api=0 type=0 insize=1129 outsize=1113 kw= ok=1
Cmd: compileSnippet
  api=0 type=1 insize=1129 outsize=6 kw= ok=1
Cmd: preprocess
  insize=574 outsize=259 ok=1
Cmd: compileSnippet
  api=0 type=0 insize=617 outsize=195 kw= ok=1
Cmd: compileSnippet
  api=0 type=1 insize=617 outsize=6 kw= ok=1
Cmd: preprocess
  insize=724 outsize=315 ok=1
Cmd: compileSnippet
  api=0 type=0 insize=714 outsize=371 kw= ok=1
Cmd: compileSnippet
  api=0 type=1 insize=714 outsize=6 kw= ok=1
Cmd: preprocess
  insize=1727 outsize=682 ok=1
Cmd: compileSnippet
  api=0 type=0 insize=1346 outsize=1678 kw= ok=1
Cmd: compileSnippet
  api=0 type=1 insize=1346 outsize=6 kw= ok=1
Cmd: compileSnippet
  api=0 type=0 insize=751 outsize=1880 kw=SHADOWS_DEPTH ok=1
Cmd: compileSnippet
  api=0 type=1 insize=751 outsize=6 kw=SHADOWS_DEPTH ok=1
Cmd: compileSnippet
  api=0 type=0 insize=982 outsize=12356 kw=DIRECTIONAL SHADOWS_OFF LIGHTMAP_OFF DIRLIGHTMAP_OFF DYNAMICLIGHTMAP_OFF _DETAIL_MULX2 _METALLICGLOSSMAP _NORMALMAP ok=1
Cmd: compileSnippet
  api=0 type=1 insize=982 outsize=6 kw=DIRECTIONAL SHADOWS_OFF LIGHTMAP_OFF DIRLIGHTMAP_OFF DYNAMICLIGHTMAP_OFF _DETAIL_MULX2 _METALLICGLOSSMAP _NORMALMAP ok=1
Cmd: compileSnippet
  api=0 type=0 insize=938 outsize=7214 kw=DIRECTIONAL SHADOWS_OFF _DETAIL_MULX2 _METALLICGLOSSMAP _NORMALMAP ok=1
Cmd: compileSnippet
  api=0 type=1 insize=938 outsize=6 kw=DIRECTIONAL SHADOWS_OFF _DETAIL_MULX2 _METALLICGLOSSMAP _NORMALMAP ok=1
Cmd: compileSnippet
  api=0 type=0 insize=982 outsize=11570 kw=DIRECTIONAL SHADOWS_OFF LIGHTMAP_OFF DIRLIGHTMAP_OFF DYNAMICLIGHTMAP_OFF _METALLICGLOSSMAP _NORMALMAP ok=1
Cmd: compileSnippet
  api=0 type=1 insize=982 outsize=6 kw=DIRECTIONAL SHADOWS_OFF LIGHTMAP_OFF DIRLIGHTMAP_OFF DYNAMICLIGHTMAP_OFF _METALLICGLOSSMAP _NORMALMAP ok=1
Cmd: compileSnippet
  api=0 type=0 insize=938 outsize=6433 kw=DIRECTIONAL SHADOWS_OFF _METALLICGLOSSMAP _NORMALMAP ok=1
Cmd: compileSnippet
  api=0 type=1 insize=938 outsize=6 kw=DIRECTIONAL SHADOWS_OFF _METALLICGLOSSMAP _NORMALMAP ok=1
Cmd: compileSnippet
  api=0 type=0 insize=982 outsize=11619 kw=DIRECTIONAL SHADOWS_OFF LIGHTMAP_OFF DIRLIGHTMAP_OFF DYNAMICLIGHTMAP_OFF _NORMALMAP _EMISSION ok=1
Cmd: compileSnippet
  api=0 type=1 insize=982 outsize=6 kw=DIRECTIONAL SHADOWS_OFF LIGHTMAP_OFF DIRLIGHTMAP_OFF DYNAMICLIGHTMAP_OFF _NORMALMAP _EMISSION ok=1
Cmd: compileSnippet
  api=0 type=0 insize=938 outsize=6362 kw=DIRECTIONAL SHADOWS_OFF _NORMALMAP ok=1
Cmd: compileSnippet
  api=0 type=1 insize=938 outsize=6 kw=DIRECTIONAL SHADOWS_OFF _NORMALMAP ok=1
Cmd: compileSnippet
  api=0 type=0 insize=982 outsize=11684 kw=DIRECTIONAL SHADOWS_OFF LIGHTMAP_OFF DIRLIGHTMAP_OFF DYNAMICLIGHTMAP_OFF _METALLICGLOSSMAP _NORMALMAP _EMISSION ok=1
Cmd: compileSnippet
  api=0 type=1 insize=982 outsize=6 kw=DIRECTIONAL SHADOWS_OFF LIGHTMAP_OFF DIRLIGHTMAP_OFF DYNAMICLIGHTMAP_OFF _METALLICGLOSSMAP _NORMALMAP _EMISSION ok=1
Cmd: compileSnippet
  api=0 type=0 insize=982 outsize=11505 kw=DIRECTIONAL SHADOWS_OFF LIGHTMAP_OFF DIRLIGHTMAP_OFF DYNAMICLIGHTMAP_OFF _NORMALMAP ok=1
Cmd: compileSnippet
  api=0 type=1 insize=982 outsize=6 kw=DIRECTIONAL SHADOWS_OFF LIGHTMAP_OFF DIRLIGHTMAP_OFF DYNAMICLIGHTMAP_OFF _NORMALMAP ok=1
Cmd: compileSnippet
  api=0 type=0 insize=982 outsize=9863 kw=DIRECTIONAL SHADOWS_OFF LIGHTMAP_OFF DIRLIGHTMAP_OFF DYNAMICLIGHTMAP_OFF _EMISSION ok=1
Cmd: compileSnippet
  api=0 type=1 insize=982 outsize=6 kw=DIRECTIONAL SHADOWS_OFF LIGHTMAP_OFF DIRLIGHTMAP_OFF DYNAMICLIGHTMAP_OFF _EMISSION ok=1
Cmd: compileSnippet
  api=0 type=0 insize=938 outsize=5621 kw=DIRECTIONAL SHADOWS_OFF ok=1
Cmd: compileSnippet
  api=0 type=1 insize=938 outsize=6 kw=DIRECTIONAL SHADOWS_OFF ok=1
Cmd: compileSnippet
  api=0 type=0 insize=751 outsize=2236 kw=SHADOWS_DEPTH _ALPHATEST_ON ok=1
Cmd: compileSnippet
  api=0 type=1 insize=751 outsize=6 kw=SHADOWS_DEPTH _ALPHATEST_ON ok=1
Cmd: compileSnippet
  api=0 type=0 insize=982 outsize=11728 kw=DIRECTIONAL SHADOWS_OFF LIGHTMAP_OFF DIRLIGHTMAP_OFF DYNAMICLIGHTMAP_OFF _METALLICGLOSSMAP _NORMALMAP _ALPHATEST_ON ok=1
Cmd: compileSnippet
  api=0 type=1 insize=982 outsize=6 kw=DIRECTIONAL SHADOWS_OFF LIGHTMAP_OFF DIRLIGHTMAP_OFF DYNAMICLIGHTMAP_OFF _METALLICGLOSSMAP _NORMALMAP _ALPHATEST_ON ok=1
Cmd: compileSnippet
  api=0 type=0 insize=938 outsize=6587 kw=DIRECTIONAL SHADOWS_OFF _METALLICGLOSSMAP _NORMALMAP _ALPHATEST_ON ok=1
Cmd: compileSnippet
  api=0 type=1 insize=938 outsize=6 kw=DIRECTIONAL SHADOWS_OFF _METALLICGLOSSMAP _NORMALMAP _ALPHATEST_ON ok=1
Cmd: compileSnippet
  api=0 type=0 insize=751 outsize=2369 kw=SHADOWS_DEPTH _ALPHABLEND_ON ok=1
Cmd: compileSnippet
  api=0 type=1 insize=751 outsize=6 kw=SHADOWS_DEPTH _ALPHABLEND_ON ok=1
Cmd: compileSnippet
  api=0 type=0 insize=982 outsize=9848 kw=DIRECTIONAL SHADOWS_OFF LIGHTMAP_OFF DIRLIGHTMAP_OFF DYNAMICLIGHTMAP_OFF _ALPHABLEND_ON ok=1
Cmd: compileSnippet
  api=0 type=1 insize=982 outsize=6 kw=DIRECTIONAL SHADOWS_OFF LIGHTMAP_OFF DIRLIGHTMAP_OFF DYNAMICLIGHTMAP_OFF _ALPHABLEND_ON ok=1
Cmd: compileSnippet
  api=0 type=0 insize=938 outsize=5673 kw=DIRECTIONAL SHADOWS_OFF _ALPHABLEND_ON ok=1
Cmd: compileSnippet
  api=0 type=1 insize=938 outsize=6 kw=DIRECTIONAL SHADOWS_OFF _ALPHABLEND_ON ok=1
Cmd: compileSnippet
  api=0 type=0 insize=982 outsize=9962 kw=DIRECTIONAL SHADOWS_OFF LIGHTMAP_OFF DIRLIGHTMAP_OFF DYNAMICLIGHTMAP_OFF _EMISSION _ALPHABLEND_ON ok=1
Cmd: compileSnippet
  api=0 type=1 insize=982 outsize=6 kw=DIRECTIONAL SHADOWS_OFF LIGHTMAP_OFF DIRLIGHTMAP_OFF DYNAMICLIGHTMAP_OFF _EMISSION _ALPHABLEND_ON ok=1
Cmd: compileSnippet
  api=0 type=0 insize=982 outsize=11603 kw=DIRECTIONAL SHADOWS_OFF LIGHTMAP_OFF DIRLIGHTMAP_OFF DYNAMICLIGHTMAP_OFF _NORMALMAP _ALPHABLEND_ON ok=1
Cmd: compileSnippet
  api=0 type=1 insize=982 outsize=6 kw=DIRECTIONAL SHADOWS_OFF LIGHTMAP_OFF DIRLIGHTMAP_OFF DYNAMICLIGHTMAP_OFF _NORMALMAP _ALPHABLEND_ON ok=1
Cmd: compileSnippet
  api=0 type=0 insize=938 outsize=6417 kw=DIRECTIONAL SHADOWS_OFF _NORMALMAP _ALPHABLEND_ON ok=1
Cmd: compileSnippet
  api=0 type=1 insize=938 outsize=6 kw=DIRECTIONAL SHADOWS_OFF _NORMALMAP _ALPHABLEND_ON ok=1
Cmd: compileSnippet
  api=0 type=0 insize=982 outsize=11659 kw=DIRECTIONAL SHADOWS_OFF LIGHTMAP_OFF DIRLIGHTMAP_OFF DYNAMICLIGHTMAP_OFF _NORMALMAP _ALPHATEST_ON ok=1
Cmd: compileSnippet
  api=0 type=1 insize=982 outsize=6 kw=DIRECTIONAL SHADOWS_OFF LIGHTMAP_OFF DIRLIGHTMAP_OFF DYNAMICLIGHTMAP_OFF _NORMALMAP _ALPHATEST_ON ok=1
Cmd: compileSnippet
  api=0 type=0 insize=938 outsize=6519 kw=DIRECTIONAL SHADOWS_OFF _NORMALMAP _ALPHATEST_ON ok=1
Cmd: compileSnippet
  api=0 type=1 insize=938 outsize=6 kw=DIRECTIONAL SHADOWS_OFF _NORMALMAP _ALPHATEST_ON ok=1
Cmd: compileSnippet
  api=0 type=0 insize=541 outsize=1880 kw=SHADOWS_DEPTH ok=1
Cmd: compileSnippet
  api=0 type=1 insize=541 outsize=6 kw=SHADOWS_DEPTH ok=1
Cmd: compileSnippet
  api=0 type=0 insize=6810 outsize=2287 kw=DIRECTIONAL SHADOWS_OFF LIGHTMAP_OFF DIRLIGHTMAP_OFF DYNAMICLIGHTMAP_OFF ok=1
Cmd: compileSnippet
  api=0 type=1 insize=6810 outsize=6 kw=DIRECTIONAL SHADOWS_OFF LIGHTMAP_OFF DIRLIGHTMAP_OFF DYNAMICLIGHTMAP_OFF ok=1
Cmd: compileSnippet
  api=0 type=0 insize=3647 outsize=1476 kw=DIRECTIONAL ok=1
Cmd: compileSnippet
  api=0 type=1 insize=3647 outsize=6 kw=DIRECTIONAL ok=1
Cmd: compileSnippet
  api=0 type=0 insize=982 outsize=12514 kw=DIRECTIONAL SHADOWS_OFF LIGHTMAP_OFF DIRLIGHTMAP_OFF DYNAMICLIGHTMAP_OFF _DETAIL_MULX2 _METALLICGLOSSMAP _NORMALMAP _ALPHATEST_ON ok=1
Cmd: compileSnippet
  api=0 type=1 insize=982 outsize=6 kw=DIRECTIONAL SHADOWS_OFF LIGHTMAP_OFF DIRLIGHTMAP_OFF DYNAMICLIGHTMAP_OFF _DETAIL_MULX2 _METALLICGLOSSMAP _NORMALMAP _ALPHATEST_ON ok=1
Cmd: compileSnippet
  api=0 type=0 insize=938 outsize=7369 kw=DIRECTIONAL SHADOWS_OFF _DETAIL_MULX2 _METALLICGLOSSMAP _NORMALMAP _ALPHATEST_ON ok=1
Cmd: compileSnippet
  api=0 type=1 insize=938 outsize=6 kw=DIRECTIONAL SHADOWS_OFF _DETAIL_MULX2 _METALLICGLOSSMAP _NORMALMAP _ALPHATEST_ON ok=1
Cmd: compileSnippet
  api=0 type=0 insize=982 outsize=9749 kw=DIRECTIONAL SHADOWS_OFF LIGHTMAP_OFF DIRLIGHTMAP_OFF DYNAMICLIGHTMAP_OFF ok=1
Cmd: compileSnippet
  api=0 type=1 insize=982 outsize=6 kw=DIRECTIONAL SHADOWS_OFF LIGHTMAP_OFF DIRLIGHTMAP_OFF DYNAMICLIGHTMAP_OFF ok=1
Cmd: compileSnippet
  api=0 type=0 insize=982 outsize=9930 kw=DIRECTIONAL SHADOWS_OFF LIGHTMAP_OFF DIRLIGHTMAP_OFF DYNAMICLIGHTMAP_OFF _METALLICGLOSSMAP _EMISSION ok=1
Cmd: compileSnippet
  api=0 type=1 insize=982 outsize=6 kw=DIRECTIONAL SHADOWS_OFF LIGHTMAP_OFF DIRLIGHTMAP_OFF DYNAMICLIGHTMAP_OFF _METALLICGLOSSMAP _EMISSION ok=1
Cmd: compileSnippet
  api=0 type=0 insize=938 outsize=5689 kw=DIRECTIONAL SHADOWS_OFF _METALLICGLOSSMAP ok=1
Cmd: compileSnippet
  api=0 type=1 insize=938 outsize=6 kw=DIRECTIONAL SHADOWS_OFF _METALLICGLOSSMAP ok=1
Cmd: compileSnippet
  api=0 type=0 insize=982 outsize=12388 kw=DIRECTIONAL SHADOWS_OFF LIGHTMAP_OFF DIRLIGHTMAP_OFF DYNAMICLIGHTMAP_OFF _DETAIL_MULX2 _NORMALMAP _ALPHABLEND_ON ok=1
Cmd: compileSnippet
  api=0 type=1 insize=982 outsize=6 kw=DIRECTIONAL SHADOWS_OFF LIGHTMAP_OFF DIRLIGHTMAP_OFF DYNAMICLIGHTMAP_OFF _DETAIL_MULX2 _NORMALMAP _ALPHABLEND_ON ok=1
Cmd: compileSnippet
  api=0 type=0 insize=938 outsize=7197 kw=DIRECTIONAL SHADOWS_OFF _DETAIL_MULX2 _NORMALMAP _ALPHABLEND_ON ok=1
Cmd: compileSnippet
  api=0 type=1 insize=938 outsize=6 kw=DIRECTIONAL SHADOWS_OFF _DETAIL_MULX2 _NORMALMAP _ALPHABLEND_ON ok=1
Cmd: compileSnippet
  api=0 type=0 insize=982 outsize=10019 kw=DIRECTIONAL SHADOWS_OFF LIGHTMAP_OFF DIRLIGHTMAP_OFF DYNAMICLIGHTMAP_OFF _EMISSION _ALPHATEST_ON ok=1
Cmd: compileSnippet
  api=0 type=1 insize=982 outsize=6 kw=DIRECTIONAL SHADOWS_OFF LIGHTMAP_OFF DIRLIGHTMAP_OFF DYNAMICLIGHTMAP_OFF _EMISSION _ALPHATEST_ON ok=1
Cmd: compileSnippet
  api=0 type=0 insize=938 outsize=5775 kw=DIRECTIONAL SHADOWS_OFF _ALPHATEST_ON ok=1
Cmd: compileSnippet
  api=0 type=1 insize=938 outsize=6 kw=DIRECTIONAL SHADOWS_OFF _ALPHATEST_ON ok=1
Cmd: compileSnippet
  api=0 type=0 insize=751 outsize=1880 kw=SHADOWS_DEPTH ok=1
Cmd: compileSnippet
  api=0 type=1 insize=751 outsize=6 kw=SHADOWS_DEPTH ok=1
Cmd: compileSnippet
  api=0 type=0 insize=977 outsize=11351 kw=DIRECTIONAL SHADOWS_OFF LIGHTMAP_OFF DIRLIGHTMAP_OFF DYNAMICLIGHTMAP_OFF _NORMALMAP _SPECGLOSSMAP ok=1
Cmd: compileSnippet
  api=0 type=1 insize=977 outsize=6 kw=DIRECTIONAL SHADOWS_OFF LIGHTMAP_OFF DIRLIGHTMAP_OFF DYNAMICLIGHTMAP_OFF _NORMALMAP _SPECGLOSSMAP ok=1
Cmd: compileSnippet
  api=0 type=0 insize=934 outsize=6214 kw=DIRECTIONAL SHADOWS_OFF _NORMALMAP _SPECGLOSSMAP ok=1
Cmd: compileSnippet
  api=0 type=1 insize=934 outsize=6 kw=DIRECTIONAL SHADOWS_OFF _NORMALMAP _SPECGLOSSMAP ok=1
Cmd: compileSnippet
  api=0 type=0 insize=6731 outsize=2239 kw=DIRECTIONAL LIGHTMAP_OFF DIRLIGHTMAP_OFF DYNAMICLIGHTMAP_OFF ok=1
Cmd: compileSnippet
  api=0 type=1 insize=6731 outsize=6 kw=DIRECTIONAL LIGHTMAP_OFF DIRLIGHTMAP_OFF DYNAMICLIGHTMAP_OFF ok=1
Cmd: compileSnippet
  api=0 type=0 insize=3569 outsize=1428 kw=DIRECTIONAL ok=1
Cmd: compileSnippet
  api=0 type=1 insize=3569 outsize=6 kw=DIRECTIONAL ok=1
Cmd: compileSnippet
  api=0 type=0 insize=1934 outsize=3403 kw=DIRECTIONAL SHADOWS_OFF ok=1
Cmd: compileSnippet
  api=0 type=1 insize=1934 outsize=6 kw=DIRECTIONAL SHADOWS_OFF ok=1
Cmd: compileSnippet
  api=0 type=0 insize=683 outsize=347 kw= ok=1
Cmd: compileSnippet
  api=0 type=1 insize=683 outsize=6 kw= ok=1
Cmd: compileSnippet
  api=0 type=0 insize=9591 outsize=6532 kw= ok=1
Cmd: compileSnippet
  api=0 type=1 insize=9591 outsize=6 kw= ok=1
Cmd: compileSnippet
  api=0 type=0 insize=1152 outsize=10098 kw=LIGHTMAP_OFF DIRLIGHTMAP_COMBINED DYNAMICLIGHTMAP_ON UNITY_HDR_ON _METALLICGLOSSMAP _NORMALMAP _EMISSION ok=1
Cmd: compileSnippet
  api=0 type=1 insize=1152 outsize=6 kw=LIGHTMAP_OFF DIRLIGHTMAP_COMBINED DYNAMICLIGHTMAP_ON UNITY_HDR_ON _METALLICGLOSSMAP _NORMALMAP _EMISSION ok=1
Cmd: compileSnippet
  api=0 type=0 insize=1152 outsize=10747 kw=LIGHTMAP_OFF DIRLIGHTMAP_COMBINED DYNAMICLIGHTMAP_ON UNITY_HDR_ON _DETAIL_MULX2 _METALLICGLOSSMAP _NORMALMAP ok=1
Cmd: compileSnippet
  api=0 type=1 insize=1152 outsize=6 kw=LIGHTMAP_OFF DIRLIGHTMAP_COMBINED DYNAMICLIGHTMAP_ON UNITY_HDR_ON _DETAIL_MULX2 _METALLICGLOSSMAP _NORMALMAP ok=1
Cmd: compileSnippet
  api=0 type=0 insize=1152 outsize=9963 kw=LIGHTMAP_OFF DIRLIGHTMAP_COMBINED DYNAMICLIGHTMAP_ON UNITY_HDR_ON _METALLICGLOSSMAP _NORMALMAP ok=1
Cmd: compileSnippet
  api=0 type=1 insize=1152 outsize=6 kw=LIGHTMAP_OFF DIRLIGHTMAP_COMBINED DYNAMICLIGHTMAP_ON UNITY_HDR_ON _METALLICGLOSSMAP _NORMALMAP ok=1
Cmd: compileSnippet
  api=0 type=0 insize=1152 outsize=10107 kw=LIGHTMAP_OFF DIRLIGHTMAP_COMBINED DYNAMICLIGHTMAP_ON UNITY_HDR_ON _NORMALMAP _EMISSION ok=1
Cmd: compileSnippet
  api=0 type=1 insize=1152 outsize=6 kw=LIGHTMAP_OFF DIRLIGHTMAP_COMBINED DYNAMICLIGHTMAP_ON UNITY_HDR_ON _NORMALMAP _EMISSION ok=1
Cmd: compileSnippet
  api=0 type=0 insize=1152 outsize=9311 kw=LIGHTMAP_OFF DIRLIGHTMAP_COMBINED DYNAMICLIGHTMAP_ON UNITY_HDR_ON _EMISSION ok=1
Cmd: compileSnippet
  api=0 type=1 insize=1152 outsize=6 kw=LIGHTMAP_OFF DIRLIGHTMAP_COMBINED DYNAMICLIGHTMAP_ON UNITY_HDR_ON _EMISSION ok=1
Cmd: compileSnippet
  api=0 type=0 insize=1152 outsize=9972 kw=LIGHTMAP_OFF DIRLIGHTMAP_COMBINED DYNAMICLIGHTMAP_ON UNITY_HDR_ON _NORMALMAP ok=1
Cmd: compileSnippet
  api=0 type=1 insize=1152 outsize=6 kw=LIGHTMAP_OFF DIRLIGHTMAP_COMBINED DYNAMICLIGHTMAP_ON UNITY_HDR_ON _NORMALMAP ok=1
Cmd: compileSnippet
  api=0 type=0 insize=1152 outsize=10116 kw=LIGHTMAP_OFF DIRLIGHTMAP_COMBINED DYNAMICLIGHTMAP_ON UNITY_HDR_ON _METALLICGLOSSMAP _NORMALMAP _ALPHATEST_ON ok=1
Cmd: compileSnippet
  api=0 type=1 insize=1152 outsize=6 kw=LIGHTMAP_OFF DIRLIGHTMAP_COMBINED DYNAMICLIGHTMAP_ON UNITY_HDR_ON _METALLICGLOSSMAP _NORMALMAP _ALPHATEST_ON ok=1
Cmd: compileSnippet
  api=0 type=0 insize=1152 outsize=10125 kw=LIGHTMAP_OFF DIRLIGHTMAP_COMBINED DYNAMICLIGHTMAP_ON UNITY_HDR_ON _NORMALMAP _ALPHATEST_ON ok=1
Cmd: compileSnippet
  api=0 type=1 insize=1152 outsize=6 kw=LIGHTMAP_OFF DIRLIGHTMAP_COMBINED DYNAMICLIGHTMAP_ON UNITY_HDR_ON _NORMALMAP _ALPHATEST_ON ok=1
Cmd: compileSnippet
  api=0 type=0 insize=1152 outsize=10902 kw=LIGHTMAP_OFF DIRLIGHTMAP_COMBINED DYNAMICLIGHTMAP_ON UNITY_HDR_ON _DETAIL_MULX2 _METALLICGLOSSMAP _NORMALMAP _ALPHATEST_ON ok=1
Cmd: compileSnippet
  api=0 type=1 insize=1152 outsize=6 kw=LIGHTMAP_OFF DIRLIGHTMAP_COMBINED DYNAMICLIGHTMAP_ON UNITY_HDR_ON _DETAIL_MULX2 _METALLICGLOSSMAP _NORMALMAP _ALPHATEST_ON ok=1
Cmd: compileSnippet
  api=0 type=0 insize=1934 outsize=3939 kw=SPOT SHADOWS_OFF UNITY_HDR_ON ok=1
Cmd: compileSnippet
  api=0 type=1 insize=1934 outsize=6 kw=SPOT SHADOWS_OFF UNITY_HDR_ON ok=1
Cmd: compileSnippet
  api=0 type=0 insize=1934 outsize=4680 kw=SPOT SHADOWS_DEPTH SHADOWS_NATIVE UNITY_HDR_ON ok=1
Cmd: compileSnippet
  api=0 type=1 insize=1934 outsize=6 kw=SPOT SHADOWS_DEPTH SHADOWS_NATIVE UNITY_HDR_ON ok=1
Cmd: compileSnippet
  api=0 type=0 insize=1934 outsize=5257 kw=SPOT SHADOWS_DEPTH SHADOWS_SOFT SHADOWS_NATIVE UNITY_HDR_ON ok=1
Cmd: compileSnippet
  api=0 type=1 insize=1934 outsize=6 kw=SPOT SHADOWS_DEPTH SHADOWS_SOFT SHADOWS_NATIVE UNITY_HDR_ON ok=1
Cmd: compileSnippet
  api=0 type=0 insize=1934 outsize=3654 kw=POINT SHADOWS_OFF UNITY_HDR_ON ok=1
Cmd: compileSnippet
  api=0 type=1 insize=1934 outsize=6 kw=POINT SHADOWS_OFF UNITY_HDR_ON ok=1
Cmd: compileSnippet
  api=0 type=0 insize=1934 outsize=3863 kw=POINT_COOKIE SHADOWS_OFF UNITY_HDR_ON ok=1
Cmd: compileSnippet
  api=0 type=1 insize=1934 outsize=6 kw=POINT_COOKIE SHADOWS_OFF UNITY_HDR_ON ok=1
Cmd: compileSnippet
  api=0 type=0 insize=1934 outsize=3907 kw=DIRECTIONAL SHADOWS_SCREEN UNITY_HDR_ON ok=1
Cmd: compileSnippet
  api=0 type=1 insize=1934 outsize=6 kw=DIRECTIONAL SHADOWS_SCREEN UNITY_HDR_ON ok=1
Cmd: compileSnippet
  api=0 type=0 insize=982 outsize=10914 kw=DIRECTIONAL SHADOWS_OFF LIGHTMAP_OFF DIRLIGHTMAP_OFF DYNAMICLIGHTMAP_OFF VERTEXLIGHT_ON _EMISSION _ALPHABLEND_ON ok=1
Cmd: compileSnippet
  api=0 type=0 insize=938 outsize=6198 kw=SPOT SHADOWS_OFF _ALPHABLEND_ON ok=1
Cmd: compileSnippet
  api=0 type=1 insize=938 outsize=6 kw=SPOT SHADOWS_OFF _ALPHABLEND_ON ok=1
Cmd: compileSnippet
  api=0 type=0 insize=938 outsize=6116 kw=POINT_COOKIE SHADOWS_OFF _ALPHABLEND_ON ok=1
Cmd: compileSnippet
  api=0 type=1 insize=938 outsize=6 kw=POINT_COOKIE SHADOWS_OFF _ALPHABLEND_ON ok=1
Cmd: compileSnippet
  api=0 type=0 insize=938 outsize=6028 kw=POINT SHADOWS_OFF _ALPHABLEND_ON ok=1
Cmd: compileSnippet
  api=0 type=1 insize=938 outsize=6 kw=POINT SHADOWS_OFF _ALPHABLEND_ON ok=1
Cmd: compileSnippet
  api=0 type=0 insize=1799 outsize=1405 kw=SOFTPARTICLES_ON ok=1
Cmd: compileSnippet
  api=0 type=1 insize=1799 outsize=6 kw=SOFTPARTICLES_ON ok=1
Cmd: compileSnippet
  api=0 type=0 insize=1148 outsize=9784 kw=LIGHTMAP_OFF DIRLIGHTMAP_COMBINED DYNAMICLIGHTMAP_ON UNITY_HDR_ON _NORMALMAP _SPECGLOSSMAP ok=1
Cmd: compileSnippet
  api=0 type=1 insize=1148 outsize=6 kw=LIGHTMAP_OFF DIRLIGHTMAP_COMBINED DYNAMICLIGHTMAP_ON UNITY_HDR_ON _NORMALMAP _SPECGLOSSMAP ok=1
Cmd: compileSnippet
  api=0 type=0 insize=1152 outsize=9466 kw=LIGHTMAP_OFF DIRLIGHTMAP_COMBINED DYNAMICLIGHTMAP_ON UNITY_HDR_ON _EMISSION _ALPHATEST_ON ok=1
Cmd: compileSnippet
  api=0 type=1 insize=1152 outsize=6 kw=LIGHTMAP_OFF DIRLIGHTMAP_COMBINED DYNAMICLIGHTMAP_ON UNITY_HDR_ON _EMISSION _ALPHATEST_ON ok=1
Cmd: compileSnippet
  api=0 type=0 insize=751 outsize=474 kw=SHADOWS_CUBE ok=1
Cmd: compileSnippet
  api=0 type=1 insize=751 outsize=6 kw=SHADOWS_CUBE ok=1
Cmd: compileSnippet
  api=0 type=0 insize=751 outsize=830 kw=SHADOWS_CUBE _ALPHATEST_ON ok=1
Cmd: compileSnippet
  api=0 type=1 insize=751 outsize=6 kw=SHADOWS_CUBE _ALPHATEST_ON ok=1
Cmd: compileSnippet
  api=0 type=0 insize=1934 outsize=4207 kw=POINT SHADOWS_CUBE UNITY_HDR_ON ok=1
Cmd: compileSnippet
  api=0 type=1 insize=1934 outsize=6 kw=POINT SHADOWS_CUBE UNITY_HDR_ON ok=1
Cmd: compileSnippet
  api=0 type=0 insize=751 outsize=963 kw=SHADOWS_CUBE _ALPHABLEND_ON ok=1
Cmd: compileSnippet
  api=0 type=1 insize=751 outsize=6 kw=SHADOWS_CUBE _ALPHABLEND_ON ok=1
Cmd: compileSnippet
  api=0 type=0 insize=1152 outsize=9176 kw=LIGHTMAP_OFF DIRLIGHTMAP_COMBINED DYNAMICLIGHTMAP_ON UNITY_HDR_ON ok=1
Cmd: compileSnippet
  api=0 type=1 insize=1152 outsize=6 kw=LIGHTMAP_OFF DIRLIGHTMAP_COMBINED DYNAMICLIGHTMAP_ON UNITY_HDR_ON ok=1
Cmd: compileSnippet
  api=0 type=0 insize=1152 outsize=10856 kw=LIGHTMAP_OFF DIRLIGHTMAP_OFF DYNAMICLIGHTMAP_OFF UNITY_HDR_ON _DETAIL_MULX2 _METALLICGLOSSMAP _NORMALMAP ok=1
Cmd: compileSnippet
  api=0 type=1 insize=1152 outsize=6 kw=LIGHTMAP_OFF DIRLIGHTMAP_OFF DYNAMICLIGHTMAP_OFF UNITY_HDR_ON _DETAIL_MULX2 _METALLICGLOSSMAP _NORMALMAP ok=1
Cmd: compileSnippet
  api=0 type=0 insize=1148 outsize=9893 kw=LIGHTMAP_OFF DIRLIGHTMAP_OFF DYNAMICLIGHTMAP_OFF UNITY_HDR_ON _NORMALMAP _SPECGLOSSMAP ok=1
Cmd: compileSnippet
  api=0 type=1 insize=1148 outsize=6 kw=LIGHTMAP_OFF DIRLIGHTMAP_OFF DYNAMICLIGHTMAP_OFF UNITY_HDR_ON _NORMALMAP _SPECGLOSSMAP ok=1
Cmd: compileSnippet
  api=0 type=0 insize=1152 outsize=10081 kw=LIGHTMAP_OFF DIRLIGHTMAP_OFF DYNAMICLIGHTMAP_OFF UNITY_HDR_ON _NORMALMAP ok=1
Cmd: compileSnippet
  api=0 type=1 insize=1152 outsize=6 kw=LIGHTMAP_OFF DIRLIGHTMAP_OFF DYNAMICLIGHTMAP_OFF UNITY_HDR_ON _NORMALMAP ok=1
Cmd: compileSnippet
  api=0 type=0 insize=1152 outsize=8326 kw=LIGHTMAP_OFF DIRLIGHTMAP_OFF DYNAMICLIGHTMAP_OFF UNITY_HDR_ON ok=1
Cmd: compileSnippet
  api=0 type=1 insize=1152 outsize=6 kw=LIGHTMAP_OFF DIRLIGHTMAP_OFF DYNAMICLIGHTMAP_OFF UNITY_HDR_ON ok=1
Cmd: compileSnippet
  api=0 type=0 insize=751 outsize=474 kw=SHADOWS_CUBE ok=1
Cmd: compileSnippet
  api=0 type=1 insize=751 outsize=6 kw=SHADOWS_CUBE ok=1
Cmd: compileSnippet
  api=0 type=0 insize=1934 outsize=4406 kw=POINT_COOKIE SHADOWS_CUBE UNITY_HDR_ON ok=1
Cmd: compileSnippet
  api=0 type=1 insize=1934 outsize=6 kw=POINT_COOKIE SHADOWS_CUBE UNITY_HDR_ON ok=1
Cmd: compileSnippet
  api=0 type=0 insize=982 outsize=10698 kw=DIRECTIONAL SHADOWS_OFF LIGHTMAP_OFF DIRLIGHTMAP_COMBINED DYNAMICLIGHTMAP_ON VERTEXLIGHT_ON _ALPHABLEND_ON ok=1
Cmd: compileSnippet
  api=0 type=1 insize=982 outsize=6 kw=DIRECTIONAL SHADOWS_OFF LIGHTMAP_OFF DIRLIGHTMAP_COMBINED DYNAMICLIGHTMAP_ON _ALPHABLEND_ON ok=1
Cmd: compileSnippet
  api=0 type=0 insize=982 outsize=12555 kw=DIRECTIONAL SHADOWS_OFF LIGHTMAP_OFF DIRLIGHTMAP_OFF DYNAMICLIGHTMAP_OFF VERTEXLIGHT_ON _NORMALMAP _ALPHABLEND_ON ok=1
Cmd: compileSnippet
  api=0 type=0 insize=938 outsize=6857 kw=POINT_COOKIE SHADOWS_OFF _NORMALMAP _ALPHABLEND_ON ok=1
Cmd: compileSnippet
  api=0 type=1 insize=938 outsize=6 kw=POINT_COOKIE SHADOWS_OFF _NORMALMAP _ALPHABLEND_ON ok=1
Cmd: compileSnippet
  api=0 type=0 insize=938 outsize=6769 kw=POINT SHADOWS_OFF _NORMALMAP _ALPHABLEND_ON ok=1
Cmd: compileSnippet
  api=0 type=1 insize=938 outsize=6 kw=POINT SHADOWS_OFF _NORMALMAP _ALPHABLEND_ON ok=1
Cmd: compileSnippet
  api=0 type=0 insize=1152 outsize=9302 kw=LIGHTMAP_OFF DIRLIGHTMAP_COMBINED DYNAMICLIGHTMAP_ON UNITY_HDR_ON _METALLICGLOSSMAP _EMISSION ok=1
Cmd: compileSnippet
  api=0 type=1 insize=1152 outsize=6 kw=LIGHTMAP_OFF DIRLIGHTMAP_COMBINED DYNAMICLIGHTMAP_ON UNITY_HDR_ON _METALLICGLOSSMAP _EMISSION ok=1
Cmd: compileSnippet
  api=0 type=0 insize=1152 outsize=8452 kw=LIGHTMAP_OFF DIRLIGHTMAP_OFF DYNAMICLIGHTMAP_OFF UNITY_HDR_ON _METALLICGLOSSMAP _EMISSION ok=1
Cmd: compileSnippet
  api=0 type=1 insize=1152 outsize=6 kw=LIGHTMAP_OFF DIRLIGHTMAP_OFF DYNAMICLIGHTMAP_OFF UNITY_HDR_ON _METALLICGLOSSMAP _EMISSION ok=1
Cmd: compileSnippet
  api=0 type=0 insize=1152 outsize=10072 kw=LIGHTMAP_OFF DIRLIGHTMAP_OFF DYNAMICLIGHTMAP_OFF UNITY_HDR_ON _METALLICGLOSSMAP _NORMALMAP ok=1
Cmd: compileSnippet
  api=0 type=1 insize=1152 outsize=6 kw=LIGHTMAP_OFF DIRLIGHTMAP_OFF DYNAMICLIGHTMAP_OFF UNITY_HDR_ON _METALLICGLOSSMAP _NORMALMAP ok=1
Cmd: compileSnippet
  api=0 type=0 insize=982 outsize=10812 kw=DIRECTIONAL SHADOWS_OFF LIGHTMAP_OFF DIRLIGHTMAP_COMBINED DYNAMICLIGHTMAP_ON VERTEXLIGHT_ON _EMISSION _ALPHABLEND_ON ok=1
Cmd: compileSnippet
  api=0 type=1 insize=982 outsize=6 kw=DIRECTIONAL SHADOWS_OFF LIGHTMAP_OFF DIRLIGHTMAP_COMBINED DYNAMICLIGHTMAP_ON _EMISSION _ALPHABLEND_ON ok=1
Cmd: compileSnippet
  api=0 type=0 insize=1152 outsize=10225 kw=LIGHTMAP_OFF DIRLIGHTMAP_OFF DYNAMICLIGHTMAP_OFF UNITY_HDR_ON _METALLICGLOSSMAP _NORMALMAP _ALPHATEST_ON ok=1
Cmd: compileSnippet
  api=0 type=1 insize=1152 outsize=6 kw=LIGHTMAP_OFF DIRLIGHTMAP_OFF DYNAMICLIGHTMAP_OFF UNITY_HDR_ON _METALLICGLOSSMAP _NORMALMAP _ALPHATEST_ON ok=1
Cmd: compileSnippet
  api=0 type=0 insize=982 outsize=10698 kw=DIRECTIONAL SHADOWS_OFF LIGHTMAP_OFF DIRLIGHTMAP_COMBINED DYNAMICLIGHTMAP_ON _ALPHABLEND_ON ok=1
Cmd: compileSnippet
  api=0 type=0 insize=1934 outsize=3394 kw=DIRECTIONAL SHADOWS_OFF UNITY_HDR_ON ok=1
Cmd: compileSnippet
  api=0 type=1 insize=1934 outsize=6 kw=DIRECTIONAL SHADOWS_OFF UNITY_HDR_ON ok=1
Cmd: compileSnippet
  api=0 type=0 insize=982 outsize=12522 kw=DIRECTIONAL SHADOWS_OFF LIGHTMAP_OFF DIRLIGHTMAP_OFF DYNAMICLIGHTMAP_OFF VERTEXLIGHT_ON _METALLICGLOSSMAP _NORMALMAP ok=1
Cmd: compileSnippet
  api=0 type=0 insize=982 outsize=12680 kw=DIRECTIONAL SHADOWS_OFF LIGHTMAP_OFF DIRLIGHTMAP_OFF DYNAMICLIGHTMAP_OFF VERTEXLIGHT_ON _METALLICGLOSSMAP _NORMALMAP _ALPHATEST_ON ok=1
Cmd: compileSnippet
  api=0 type=0 insize=982 outsize=12571 kw=DIRECTIONAL SHADOWS_OFF LIGHTMAP_OFF DIRLIGHTMAP_OFF DYNAMICLIGHTMAP_OFF VERTEXLIGHT_ON _NORMALMAP _EMISSION ok=1
Cmd: compileSnippet
  api=0 type=0 insize=982 outsize=12636 kw=DIRECTIONAL SHADOWS_OFF LIGHTMAP_OFF DIRLIGHTMAP_OFF DYNAMICLIGHTMAP_OFF VERTEXLIGHT_ON _METALLICGLOSSMAP _NORMALMAP _EMISSION ok=1
Cmd: compileSnippet
  api=0 type=0 insize=982 outsize=13308 kw=DIRECTIONAL SHADOWS_OFF LIGHTMAP_OFF DIRLIGHTMAP_OFF DYNAMICLIGHTMAP_OFF VERTEXLIGHT_ON _DETAIL_MULX2 _METALLICGLOSSMAP _NORMALMAP ok=1
Cmd: compileSnippet
  api=0 type=0 insize=977 outsize=12303 kw=DIRECTIONAL SHADOWS_OFF LIGHTMAP_OFF DIRLIGHTMAP_OFF DYNAMICLIGHTMAP_OFF VERTEXLIGHT_ON _NORMALMAP _SPECGLOSSMAP ok=1
Cmd: compileSnippet
  api=0 type=0 insize=982 outsize=10701 kw=DIRECTIONAL SHADOWS_OFF LIGHTMAP_OFF DIRLIGHTMAP_OFF DYNAMICLIGHTMAP_OFF VERTEXLIGHT_ON ok=1
Cmd: compileSnippet
  api=0 type=0 insize=982 outsize=12457 kw=DIRECTIONAL SHADOWS_OFF LIGHTMAP_OFF DIRLIGHTMAP_OFF DYNAMICLIGHTMAP_OFF VERTEXLIGHT_ON _NORMALMAP ok=1
Cmd: compileSnippet
  api=0 type=0 insize=982 outsize=10800 kw=DIRECTIONAL SHADOWS_OFF LIGHTMAP_OFF DIRLIGHTMAP_OFF DYNAMICLIGHTMAP_OFF VERTEXLIGHT_ON _ALPHABLEND_ON ok=1
Cmd: compileSnippet
  api=0 type=0 insize=982 outsize=12611 kw=DIRECTIONAL SHADOWS_OFF LIGHTMAP_OFF DIRLIGHTMAP_OFF DYNAMICLIGHTMAP_OFF VERTEXLIGHT_ON _NORMALMAP _ALPHATEST_ON ok=1
Cmd: compileSnippet
  api=0 type=0 insize=982 outsize=13466 kw=DIRECTIONAL SHADOWS_OFF LIGHTMAP_OFF DIRLIGHTMAP_OFF DYNAMICLIGHTMAP_OFF VERTEXLIGHT_ON _DETAIL_MULX2 _METALLICGLOSSMAP _NORMALMAP _ALPHATEST_ON ok=1
Cmd: compileSnippet
  api=0 type=0 insize=982 outsize=10971 kw=DIRECTIONAL SHADOWS_OFF LIGHTMAP_OFF DIRLIGHTMAP_OFF DYNAMICLIGHTMAP_OFF VERTEXLIGHT_ON _EMISSION _ALPHATEST_ON ok=1
Cmd: compileSnippet
  api=0 type=0 insize=982 outsize=10815 kw=DIRECTIONAL SHADOWS_OFF LIGHTMAP_OFF DIRLIGHTMAP_OFF DYNAMICLIGHTMAP_OFF VERTEXLIGHT_ON _EMISSION ok=1
Cmd: compileSnippet
  api=0 type=0 insize=982 outsize=10882 kw=DIRECTIONAL SHADOWS_OFF LIGHTMAP_OFF DIRLIGHTMAP_OFF DYNAMICLIGHTMAP_OFF VERTEXLIGHT_ON _METALLICGLOSSMAP _EMISSION ok=1
Cmd: compileSnippet
  api=0 type=0 insize=530 outsize=3358 kw=_METALLICGLOSSMAP _EMISSION ok=1
Cmd: compileSnippet
  api=0 type=1 insize=530 outsize=6 kw=_METALLICGLOSSMAP _EMISSION ok=1
Cmd: compileSnippet
  api=0 type=0 insize=530 outsize=3126 kw=_METALLICGLOSSMAP ok=1
Cmd: compileSnippet
  api=0 type=1 insize=530 outsize=6 kw=_METALLICGLOSSMAP ok=1
Cmd: compileSnippet
  api=0 type=0 insize=530 outsize=3285 kw=_DETAIL_MULX2 _METALLICGLOSSMAP ok=1
Cmd: compileSnippet
  api=0 type=1 insize=530 outsize=6 kw=_DETAIL_MULX2 _METALLICGLOSSMAP ok=1
Cmd: compileSnippet
  api=0 type=0 insize=530 outsize=3286 kw=_EMISSION ok=1
Cmd: compileSnippet
  api=0 type=1 insize=530 outsize=6 kw=_EMISSION ok=1
Cmd: compileSnippet
  api=0 type=0 insize=530 outsize=3062 kw= ok=1
Cmd: compileSnippet
  api=0 type=1 insize=530 outsize=6 kw= ok=1
Cmd: compileSnippet
  api=0 type=0 insize=526 outsize=2904 kw=_SPECGLOSSMAP ok=1
Cmd: compileSnippet
  api=0 type=1 insize=526 outsize=6 kw=_SPECGLOSSMAP ok=1
End of pipe

Quitting shader compiler process
